2024-12-15 19:41:33,148 - INFO: Available CPU count: 8
2024-12-15 19:42:53,712 - INFO: Available CPU count: 8
2024-12-15 19:44:08,332 - INFO: Available CPU count: 8
2024-12-15 19:47:42,851 - INFO: Available CPU count: 8
2024-12-15 19:51:42,579 - INFO: Available CPU count: 8
2024-12-15 19:51:42,585 - INFO: Expected file path: /storage/emulated/0/1aMyGit/Bard-main/Skyline AGI Mv6/knowledge_base/Math_D1.csv
2024-12-15 19:51:42,585 - INFO: File found: /storage/emulated/0/1aMyGit/Bard-main/Skyline AGI Mv6/knowledge_base/Math_D1.csv
2024-12-15 19:51:42,588 - ERROR: Error loading data for domain 'Math' and level 'level_1': could not convert string to float: 'Math_D1'
2024-12-15 19:51:42,589 - INFO: Expected file path: /storage/emulated/0/1aMyGit/Bard-main/Skyline AGI Mv6/knowledge_base/Math_D2.csv
2024-12-15 19:51:42,589 - INFO: File found: /storage/emulated/0/1aMyGit/Bard-main/Skyline AGI Mv6/knowledge_base/Math_D2.csv
2024-12-15 19:51:42,592 - ERROR: Error loading data for domain 'Math' and level 'level_2': could not convert string to float: 'Math_D2'
2024-12-15 19:51:42,592 - INFO: Expected file path: /storage/emulated/0/1aMyGit/Bard-main/Skyline AGI Mv6/knowledge_base/Science_D1.csv
2024-12-15 19:51:42,592 - INFO: File found: /storage/emulated/0/1aMyGit/Bard-main/Skyline AGI Mv6/knowledge_base/Science_D1.csv
2024-12-15 19:51:42,594 - ERROR: Error loading data for domain 'Science' and level 'level_1': could not convert string to float: 'Science_D1'
2024-12-15 19:51:42,594 - INFO: Cross-domain performance results: {'Math': {'level_1': None, 'level_2': None}, 'Science': {'level_1': None}}
2024-12-15 19:51:42,594 - INFO: Used CPU count: 8
2024-12-15 20:00:28,125 - INFO: Available CPU count: 8
2024-12-15 20:00:28,130 - INFO: Expected file path: /storage/emulated/0/1aMyGit/Bard-main/Skyline AGI Mv6/knowledge_base/Math_D1.csv
2024-12-15 20:00:28,130 - INFO: File found: /storage/emulated/0/1aMyGit/Bard-main/Skyline AGI Mv6/knowledge_base/Math_D1.csv
2024-12-15 20:00:28,132 - ERROR: Error loading data for domain 'Math' and level 'level_1': could not convert string to float: 'Math_D1'
2024-12-15 20:00:28,132 - INFO: Expected file path: /storage/emulated/0/1aMyGit/Bard-main/Skyline AGI Mv6/knowledge_base/Math_D2.csv
2024-12-15 20:00:28,132 - INFO: File found: /storage/emulated/0/1aMyGit/Bard-main/Skyline AGI Mv6/knowledge_base/Math_D2.csv
2024-12-15 20:00:28,134 - ERROR: Error loading data for domain 'Math' and level 'level_2': could not convert string to float: 'Math_D2'
2024-12-15 20:00:28,134 - INFO: Expected file path: /storage/emulated/0/1aMyGit/Bard-main/Skyline AGI Mv6/knowledge_base/Science_D1.csv
2024-12-15 20:00:28,134 - INFO: File found: /storage/emulated/0/1aMyGit/Bard-main/Skyline AGI Mv6/knowledge_base/Science_D1.csv
2024-12-15 20:00:28,136 - ERROR: Error loading data for domain 'Science' and level 'level_1': could not convert string to float: 'Science_D1'
2024-12-15 20:00:28,136 - INFO: Cross-domain performance results: {'Math': {'level_1': None, 'level_2': None}, 'Science': {'level_1': None}}
2024-12-15 20:00:28,136 - INFO: Used CPU count: 8
2024-12-15 20:06:41,937 - INFO: Available CPU count: 8
2024-12-15 20:06:41,944 - INFO: Expected file path: /storage/emulated/0/1aMyGit/Bard-main/Skyline AGI Mv6/knowledge_base/Math_D1.csv
2024-12-15 20:06:41,944 - INFO: File found: /storage/emulated/0/1aMyGit/Bard-main/Skyline AGI Mv6/knowledge_base/Math_D1.csv
2024-12-15 20:06:41,946 - ERROR: Target column 'Compx' not found for domain 'Math' and level 'level_1'.
2024-12-15 20:06:41,946 - INFO: Expected file path: /storage/emulated/0/1aMyGit/Bard-main/Skyline AGI Mv6/knowledge_base/Math_D2.csv
2024-12-15 20:06:41,946 - INFO: File found: /storage/emulated/0/1aMyGit/Bard-main/Skyline AGI Mv6/knowledge_base/Math_D2.csv
2024-12-15 20:06:41,948 - ERROR: Target column 'Compx' not found for domain 'Math' and level 'level_2'.
2024-12-15 20:06:41,948 - INFO: Expected file path: /storage/emulated/0/1aMyGit/Bard-main/Skyline AGI Mv6/knowledge_base/Science_D1.csv
2024-12-15 20:06:41,948 - INFO: File found: /storage/emulated/0/1aMyGit/Bard-main/Skyline AGI Mv6/knowledge_base/Science_D1.csv
2024-12-15 20:06:41,950 - ERROR: Target column 'Compx' not found for domain 'Science' and level 'level_1'.
2024-12-15 20:06:41,950 - INFO: Cross-domain performance results: {'Math': {'level_1': None, 'level_2': None}, 'Science': {'level_1': None}}
2024-12-15 20:06:41,950 - INFO: Used CPU count: 8
2024-12-15 20:12:48,848 - INFO: Available CPU count: 8
2024-12-15 20:12:48,855 - INFO: Expected file path: /storage/emulated/0/1aMyGit/Bard-main/Skyline AGI Mv6/knowledge_base/Math_D1.csv
2024-12-15 20:12:48,856 - INFO: File found: /storage/emulated/0/1aMyGit/Bard-main/Skyline AGI Mv6/knowledge_base/Math_D1.csv
2024-12-15 20:12:48,858 - INFO: Headers found in the file: ['Math' '10' 'Range1' '0111' '0228' 'Addition' 'Subtraction' '0.85'
 'Core arithmetic operations' 'CIter_1']
2024-12-15 20:12:48,858 - ERROR: Target column 'Compx' not found for domain 'Math' and level 'level_1'.
2024-12-15 20:12:48,858 - INFO: Expected file path: /storage/emulated/0/1aMyGit/Bard-main/Skyline AGI Mv6/knowledge_base/Math_D2.csv
2024-12-15 20:12:48,858 - INFO: File found: /storage/emulated/0/1aMyGit/Bard-main/Skyline AGI Mv6/knowledge_base/Math_D2.csv
2024-12-15 20:12:48,861 - INFO: Headers found in the file: ['Math_D2' '15' 'Range5' '0913' '1140' 'Graphs' 'Functions' '0.78'
 'Visual representation of problems' 'CIter_5']
2024-12-15 20:12:48,861 - ERROR: Target column 'Compx' not found for domain 'Math' and level 'level_2'.
2024-12-15 20:12:48,861 - INFO: Expected file path: /storage/emulated/0/1aMyGit/Bard-main/Skyline AGI Mv6/knowledge_base/Science_D1.csv
2024-12-15 20:12:48,861 - INFO: File found: /storage/emulated/0/1aMyGit/Bard-main/Skyline AGI Mv6/knowledge_base/Science_D1.csv
2024-12-15 20:12:48,863 - INFO: Headers found in the file: ['Science_D1' '10' 'Range1' '0111' '0228' 'Atoms' 'Molecules' '0.85'
 'Basic building blocks of matter' 'CIter_1']
2024-12-15 20:12:48,863 - ERROR: Target column 'Compx' not found for domain 'Science' and level 'level_1'.
2024-12-15 20:12:48,863 - INFO: Cross-domain performance results: {'Math': {'level_1': None, 'level_2': None}, 'Science': {'level_1': None}}
2024-12-15 20:12:48,863 - INFO: Used CPU count: 8
